2014-03-02 下午 4:13:53	此日志包含有关用户“Diluka”在计算机“DILUKA-PC”上将架构导入项目“TicketManager”的操作信息。
2014-03-02 下午 4:13:53	已开始导入数据库架构。
2014-03-02 下午 4:14:19	正在收集数据库选项
2014-03-02 下午 4:14:19	正在收集用户
2014-03-02 下午 4:14:21	正在收集角色
2014-03-02 下午 4:14:21	正在收集应用程序角色
2014-03-02 下午 4:14:21	正在收集角色成员资格
2014-03-02 下午 4:14:21	正在收集文件组
2014-03-02 下午 4:14:21	正在收集全文目录
2014-03-02 下午 4:14:21	正在收集程序集
2014-03-02 下午 4:14:21	正在收集证书
2014-03-02 下午 4:14:21	正在收集非对称密钥
2014-03-02 下午 4:14:44	正在收集对称密钥
2014-03-02 下午 4:14:44	正在收集加密的对称密钥
2014-03-02 下午 4:14:44	正在收集架构
2014-03-02 下午 4:16:47	正在收集 XML 架构集合
2014-03-02 下午 4:16:47	正在收集用户定义的数据类型
2014-03-02 下午 4:16:47	正在收集用户定义的类型
2014-03-02 下午 4:16:47	正在收集表类型
2014-03-02 下午 4:16:48	正在收集表类型的唯一键
2014-03-02 下午 4:16:48	正在收集表类型的主键
2014-03-02 下午 4:16:49	正在收集表类型的 CHECK 约束
2014-03-02 下午 4:16:49	正在收集表类型的默认约束
2014-03-02 下午 4:16:49	正在收集分区函数
2014-03-02 下午 4:16:49	正在收集分区方案
2014-03-02 下午 4:16:50	正在收集函数
2014-03-02 下午 4:16:52	收集加密函数
2014-03-02 下午 4:16:52	正在收集聚合
2014-03-02 下午 4:16:53	正在收集过程
2014-03-02 下午 4:16:53	收集加密过程
2014-03-02 下午 4:16:56	正在收集表
2014-03-02 下午 4:16:58	正在收集主键
2014-03-02 下午 4:16:59	正在收集唯一约束
2014-03-02 下午 4:17:05	正在收集外键
2014-03-02 下午 4:17:06	正在收集默认约束
2014-03-02 下午 4:17:07	正在收集 CHECK 约束
2014-03-02 下午 4:17:07	正在收集视图
2014-03-02 下午 4:17:08	收集加密视图
2014-03-02 下午 4:17:18	正在收集索引
2014-03-02 下午 4:17:19	正在收集统计信息
2014-03-02 下午 4:17:20	正在收集全文索引非索引字表
2014-03-02 下午 4:17:21	正在收集搜索属性列表
2014-03-02 下午 4:17:21	正在收集搜索属性
2014-03-02 下午 4:17:22	正在收集全文索引
2014-03-02 下午 4:17:23	正在收集列存储索引
2014-03-02 下午 4:17:24	正在收集空间索引
2014-03-02 下午 4:17:26	正在收集 XML 索引
2014-03-02 下午 4:17:28	正在收集选择性 XML 索引
2014-03-02 下午 4:17:28	收集加密触发器
2014-03-02 下午 4:17:29	正在收集触发器
2014-03-02 下午 4:17:29	正在收集加密的 DDL 触发器和 CLR DDL 触发器
2014-03-02 下午 4:17:29	正在收集 DDL 触发器
2014-03-02 下午 4:17:30	正在收集同义词
2014-03-02 下午 4:17:30	正在收集默认值
2014-03-02 下午 4:17:31	收集数据约束 UDDT 绑定
2014-03-02 下午 4:17:31	正在收集规则
2014-03-02 下午 4:17:32	收集数据约束 UDDT 绑定
2014-03-02 下午 4:17:32	正在收集消息类型
2014-03-02 下午 4:17:32	正在收集队列
2014-03-02 下午 4:17:34	正在收集协定
2014-03-02 下午 4:17:39	正在收集服务
2014-03-02 下午 4:17:39	正在收集事件通知
2014-03-02 下午 4:17:40	正在收集远程服务绑定
2014-03-02 下午 4:17:40	正在收集 Broker 优先级
2014-03-02 下午 4:17:40	正在收集签名
2014-03-02 下午 4:17:41	正在收集数据压缩选项
2014-03-02 下午 4:17:41	正在收集序列类型
2014-03-02 下午 4:17:42	正在收集数据库权限
2014-03-02 下午 4:17:59	正在收集扩展属性
2014-03-02 下午 4:18:23	正在收集凭据
2014-03-02 下午 4:18:23	正在收集登录名
2014-03-02 下午 4:18:26	正在收集服务器审核
2014-03-02 下午 4:18:29	正在扫描项目中的重复元素
2014-03-02 下午 4:18:29	已完成重复元素处理
2014-03-02 下午 4:18:29	导入数据库完成。
2014-03-02 下午 4:18:29	已将导入操作的摘要保存到以下位置: d:\users\diluka\documents\visual studio 2013\Projects\TicketManager\TicketManager\导入架构日志\TicketManager_20140302081353.log
2014-03-02 下午 4:18:29	单击“完成”继续...
